<?xml version="1.0" encoding="utf-8"?>
<test-run id="2" testcasecount="1" result="Passed" total="1" passed="1" failed="0" inconclusive="0" skipped="0" asserts="0" engine-version="3.5.0.0" clr-version="4.0.30319.42000" start-time="2026-07-30 14:17:29Z" end-time="2026-07-30 14:17:45Z" duration="16.3486692">
  <test-suite type="TestSuite" id="1009" name="game-unity" fullname="game-unity" runstate="Runnable" testcasecount="1" result="Passed" start-time="2026-07-30 14:17:29Z" end-time="2026-07-30 14:17:45Z" duration="16.348669" total="1" passed="1" failed="0" inconclusive="0" skipped="0" asserts="0">
    <properties>
      <property name="platform" value="PlayMode" />
    </properties>
    <test-suite type="Assembly" id="1003" name="Tests.PlayMode.dll" fullname="C:/Users/ASUS/Desktop/base/game-unity/Library/ScriptAssemblies/Tests.PlayMode.dll" runstate="Runnable" testcasecount="1" result="Passed" start-time="2026-07-30 14:17:29Z" end-time="2026-07-30 14:17:45Z" duration="16.316673" total="1" passed="1" failed="0" inconclusive="0" skipped="0" asserts="0">
      <properties>
        <property name="_PID" value="27596" />
        <property name="_APPDOMAIN" value="Unity Child Domain" />
        <property name="platform" value="PlayMode" />
        <property name="EditorOnly" value="False" />
      </properties>
      <test-suite type="TestSuite" id="1004" name="YiSunSin" fullname="YiSunSin" runstate="Runnable" testcasecount="1" result="Passed" start-time="2026-07-30 14:17:29Z" end-time="2026-07-30 14:17:45Z" duration="16.315181" total="1" passed="1" failed="0" inconclusive="0" skipped="0" asserts="0">
        <properties />
        <test-suite type="TestSuite" id="1005" name="Tests" fullname="YiSunSin.Tests" runstate="Runnable" testcasecount="1" result="Passed" start-time="2026-07-30 14:17:29Z" end-time="2026-07-30 14:17:45Z" duration="16.314253" total="1" passed="1" failed="0" inconclusive="0" skipped="0" asserts="0">
          <properties />
          <test-suite type="TestSuite" id="1006" name="PlayMode" fullname="YiSunSin.Tests.PlayMode" runstate="Runnable" testcasecount="1" result="Passed" start-time="2026-07-30 14:17:29Z" end-time="2026-07-30 14:17:45Z" duration="16.313282" total="1" passed="1" failed="0" inconclusive="0" skipped="0" asserts="0">
            <properties />
            <test-suite type="TestFixture" id="1001" name="FullPlaytestTests" fullname="YiSunSin.Tests.PlayMode.FullPlaytestTests" classname="YiSunSin.Tests.PlayMode.FullPlaytestTests" runstate="Runnable" testcasecount="1" result="Passed" start-time="2026-07-30 14:17:29Z" end-time="2026-07-30 14:17:45Z" duration="16.308973" total="1" passed="1" failed="0" inconclusive="0" skipped="0" asserts="0">
              <properties />
              <test-case id="1002" name="FullPlaytest" fullname="YiSunSin.Tests.PlayMode.FullPlaytestTests.FullPlaytest" methodname="FullPlaytest" classname="YiSunSin.Tests.PlayMode.FullPlaytestTests" runstate="Runnable" seed="1852382260" result="Passed" start-time="2026-07-30 14:17:29Z" end-time="2026-07-30 14:17:45Z" duration="16.274072" asserts="0">
                <properties>
                  <property name="_JOINTYPE" value="UnityCombinatorial" />
                  <property name="retryIteration" value="0" />
                  <property name="repeatIteration" value="0" />
                </properties>
                <output><![CDATA[[FullPlaytest] OK: GameManager found in the loaded Main.unity scene under Play Mode
[FullPlaytest] OK: GameManager.Instance matches the found instance (Instance null? False)
[FullPlaytest] OK: Main Camera found via Camera.main
[FullPlaytest] OK: GameManager starts in Title status
[FullPlaytest] DIAG capture '01_title.png': cam.orthographic=True, orthoSize=450, camPos=(0.00, 0.00, -10.00), bg.active=True, bg.pos=(0.00, 0.00, 1.00), clearFlags=SolidColor
[FullPlaytest] Camera-only render captured: C:\Users\ASUS\Desktop\base\game\.claude\worktrees\yi-sunsin-unity-port\.superpowers\sdd\2026-07-28-yi-sunsin-unity-port\playtest-screenshots\01_title.png
[FullPlaytest] OK: StartGame() transitions to Playing
[FullPlaytest] OK: Player moved under SetInput+Tick (from (0.00, 0.00, 0.00) to (141.42, 141.42, 0.00))
[FullPlaytest] OK: Player has a SpriteFlipbook component
[FullPlaytest] OK: Flipbook starts on frame 0 before any movement (got 0)
[FullPlaytest] OK: Flipbook advances off frame 0 while moving (got 3)
[FullPlaytest] OK: Flipbook returns to frame 0 once movement stops (got 0)
[FullPlaytest] OK: Enemies spawned from arena edges (found 2)
[FullPlaytest] OK: Weapon auto-fired at least once (ShotsFired=10)
[FullPlaytest] DIAG capture '02_gameplay_enemy_onscreen.png': cam.orthographic=True, orthoSize=450, camPos=(0.00, 0.00, -10.00), bg.active=True, bg.pos=(0.00, 0.00, 1.00), clearFlags=SolidColor
[FullPlaytest] Camera-only render captured: C:\Users\ASUS\Desktop\base\game\.claude\worktrees\yi-sunsin-unity-port\.superpowers\sdd\2026-07-28-yi-sunsin-unity-port\playtest-screenshots\02_gameplay_enemy_onscreen.png
[FullPlaytest] OK: At least one live Projectile GameObject exists after auto-fire (found 2)
[FullPlaytest] OK: A live, GameManager-tracked projectile actually advances position over time (from (158.29, 176.05, 0.00) to (65.48, 214.25, 0.00))
[FullPlaytest] OK: A killed, GameManager-tracked enemy's GameObject is actually destroyed (not just removed from the tracking list)
[FullPlaytest] OK: Enemy actually dies from a killing-blow projectile hit (Hp=0)
[FullPlaytest] OK: A Hit or Death ParticleSystem instance is actively playing after the kill
[FullPlaytest] OK: TogglePause() enters PausedManual
[FullPlaytest] DIAG capture '03_pause.png': cam.orthographic=True, orthoSize=450, camPos=(0.00, 0.00, -10.00), bg.active=True, bg.pos=(0.00, 0.00, 1.00), clearFlags=SolidColor
[FullPlaytest] Camera-only render captured: C:\Users\ASUS\Desktop\base\game\.claude\worktrees\yi-sunsin-unity-port\.superpowers\sdd\2026-07-28-yi-sunsin-unity-port\playtest-screenshots\03_pause.png
[FullPlaytest] OK: Elapsed frozen while paused (6.909719 -> 6.909719)
[FullPlaytest] OK: Second TogglePause() resumes Playing
[FullPlaytest] OK: Big XP pickup triggers PausedLevelUp (status=PausedLevelUp)
[FullPlaytest] OK: First level-up offers exactly 3 cards (got 3)
[FullPlaytest] DIAG capture '04_levelup_first_cards.png': cam.orthographic=True, orthoSize=450, camPos=(0.00, 0.00, -10.00), bg.active=True, bg.pos=(0.00, 0.00, 1.00), clearFlags=SolidColor
[FullPlaytest] Camera-only render captured: C:\Users\ASUS\Desktop\base\game\.claude\worktrees\yi-sunsin-unity-port\.superpowers\sdd\2026-07-28-yi-sunsin-unity-port\playtest-screenshots\04_levelup_first_cards.png
[FullPlaytest] OK: Upgrade card Button is the topmost UI raycast hit at its screen position (top hit: DescriptionText)
[FullPlaytest] OK: Multi-level-up: still PausedLevelUp after first pick (owed a second)
[FullPlaytest] OK: Second card set also has exactly 3 cards (got 3)
[FullPlaytest] DIAG capture '05_levelup_second_cards.png': cam.orthographic=True, orthoSize=450, camPos=(0.00, 0.00, -10.00), bg.active=True, bg.pos=(0.00, 0.00, 1.00), clearFlags=SolidColor
[FullPlaytest] Camera-only render captured: C:\Users\ASUS\Desktop\base\game\.claude\worktrees\yi-sunsin-unity-port\.superpowers\sdd\2026-07-28-yi-sunsin-unity-port\playtest-screenshots\05_levelup_second_cards.png
[FullPlaytest] OK: After both picks, resumes Playing
[FullPlaytest] Buffed player for fast-forward survival: MaxHp=900, Hp=900
[FullPlaytest] Fast-forwarding toward boss spawn (240s), target Elapsed=241...
[FullPlaytest] Fast-forward to boss spawn (240s) finished at Elapsed=246.6943, status=Playing
[FullPlaytest] OK: Boss enemy present in scene after crossing BossSpawnTime
[FullPlaytest] OK: Boss banner/spotlight trigger fired (BossBannerTimer=1.943955, spotlightActive=True)
[FullPlaytest] DIAG capture '06_boss.png': cam.orthographic=True, orthoSize=450, camPos=(0.00, 0.00, -10.00), bg.active=True, bg.pos=(0.00, 0.00, 1.00), clearFlags=SolidColor
[FullPlaytest] Camera-only render captured: C:\Users\ASUS\Desktop\base\game\.claude\worktrees\yi-sunsin-unity-port\.superpowers\sdd\2026-07-28-yi-sunsin-unity-port\playtest-screenshots\06_boss.png
[FullPlaytest] Fast-forwarding toward win (300s), target Elapsed=301...
[FullPlaytest] Fast-forward to win (300s) finished at Elapsed=301.9843, status=Win
[FullPlaytest] OK: Reaching WinTime transitions to Win (status=Win)
[FullPlaytest] DIAG capture '07_win.png': cam.orthographic=True, orthoSize=450, camPos=(0.00, 0.00, -10.00), bg.active=True, bg.pos=(0.00, 0.00, 1.00), clearFlags=SolidColor
[FullPlaytest] Camera-only render captured: C:\Users\ASUS\Desktop\base\game\.claude\worktrees\yi-sunsin-unity-port\.superpowers\sdd\2026-07-28-yi-sunsin-unity-port\playtest-screenshots\07_win.png
[FullPlaytest] OK: Restart() from Win returns to a fresh Playing state
[FullPlaytest] OK: Restart() resets Elapsed to ~0 (got 0.013889)
[FullPlaytest] OK: Restart() resets Player HP to max
[FullPlaytest] OK: Lethal damage transitions to GameOver (status=GameOver)
[FullPlaytest] DIAG capture '08_gameover.png': cam.orthographic=True, orthoSize=450, camPos=(0.00, 0.00, -10.00), bg.active=True, bg.pos=(0.00, 0.00, 1.00), clearFlags=SolidColor
[FullPlaytest] Camera-only render captured: C:\Users\ASUS\Desktop\base\game\.claude\worktrees\yi-sunsin-unity-port\.superpowers\sdd\2026-07-28-yi-sunsin-unity-port\playtest-screenshots\08_gameover.png
[FullPlaytest] OK: Restart() from GameOver returns to a fresh Playing state
[FullPlaytest] OK: CameraFit component present on Main Camera (Task 16 fix)
[FullPlaytest] OK: Aspect 16x9 (1.778): full 1600x900 arena visible without crop (visible 1600x900, orthoSize=450.0)
[FullPlaytest] Camera-only render captured: C:\Users\ASUS\Desktop\base\game\.claude\worktrees\yi-sunsin-unity-port\.superpowers\sdd\2026-07-28-yi-sunsin-unity-port\playtest-screenshots\09_letterbox_16x9.png
[FullPlaytest] OK: Aspect 4x3 (1.333): full 1600x900 arena visible without crop (visible 1600x1200, orthoSize=600.0)
[FullPlaytest] Camera-only render captured: C:\Users\ASUS\Desktop\base\game\.claude\worktrees\yi-sunsin-unity-port\.superpowers\sdd\2026-07-28-yi-sunsin-unity-port\playtest-screenshots\09_letterbox_4x3.png
[FullPlaytest] OK: Aspect 21x9_ultrawide (2.333): full 1600x900 arena visible without crop (visible 2100x900, orthoSize=450.0)
[FullPlaytest] Camera-only render captured: C:\Users\ASUS\Desktop\base\game\.claude\worktrees\yi-sunsin-unity-port\.superpowers\sdd\2026-07-28-yi-sunsin-unity-port\playtest-screenshots\09_letterbox_21x9_ultrawide.png
[FullPlaytest] OK: Aspect 9x16_portrait (0.563): full 1600x900 arena visible without crop (visible 1600x2844, orthoSize=1422.2)
[FullPlaytest] Camera-only render captured: C:\Users\ASUS\Desktop\base\game\.claude\worktrees\yi-sunsin-unity-port\.superpowers\sdd\2026-07-28-yi-sunsin-unity-port\playtest-screenshots\09_letterbox_9x16_portrait.png
[FullPlaytest] All steps executed.
Saving results to: C:/Users/ASUS/AppData/LocalLow/DefaultCompany/game-unity\TestResults.xml
]]></output>
              </test-case>
            </test-suite>
          </test-suite>
        </test-suite>
      </test-suite>
    </test-suite>
  </test-suite>
</test-run>